# JRE version: Java(TM) SE Runtime Environment (17.0.4+11) (build 17.0.4+11-LTS-179)
# Java VM: Java HotSpot(TM) 64-Bit Server VM (17.0.4+11-LTS-179, mixed mode, sharing, tiered, compressed oops, compressed class ptrs, g1 gc, windows-amd64)
GC Precious Log:
 CPUs: 8 total, 8 available
 Memory: 7886M
 Large Page Support: Disabled
 NUMA Support: Disabled
 Compressed Oops: Enabled (32-bit)
 Heap Region Size: 1M
 Heap Min Capacity: 8M
 Heap Initial Capacity: 124M
 Heap Max Capacity: 2G
 Pre-touch: Disabled
 Parallel Workers: 8
 Concurrent Workers: 2
 Concurrent Refinement Workers: 8
 Periodic GC: Disabled
Heap:
 garbage-first heap   total 126976K, used 33280K [0x0000000080000000, 0x0000000100000000)
  region size 1024K, 3 young (3072K), 3 survivors (3072K)
 Metaspace       used 34696K, committed 35136K, reserved 1081344K
  class space    used 4864K, committed 5056K, reserved 1048576K
GC Heap History (15 events):
Event: 0.767 GC heap before
{Heap before GC invocations=0 (full 0):
 garbage-first heap   total 126976K, used 27648K [0x0000000080000000, 0x0000000100000000)
  region size 1024K, 23 young (23552K), 0 survivors (0K)
 Metaspace       used 2997K, committed 3136K, reserved 1056768K
  class space    used 380K, committed 448K, reserved 1048576K
}
Event: 0.774 GC heap after
{Heap after GC invocations=1 (full 0):
 garbage-first heap   total 126976K, used 10214K [0x0000000080000000, 0x0000000100000000)
  region size 1024K, 3 young (3072K), 3 survivors (3072K)
 Metaspace       used 2997K, committed 3136K, reserved 1056768K
  class space    used 380K, committed 448K, reserved 1048576K
}
Event: 1.025 GC heap before
{Heap before GC invocations=1 (full 0):
 garbage-first heap   total 126976K, used 39910K [0x0000000080000000, 0x0000000100000000)
  region size 1024K, 31 young (31744K), 3 survivors (3072K)
 Metaspace       used 3924K, committed 4096K, reserved 1056768K
  class space    used 476K, committed 576K, reserved 1048576K
}
Event: 1.034 GC heap after
{Heap after GC invocations=2 (full 0):
 garbage-first heap   total 126976K, used 14475K [0x0000000080000000, 0x0000000100000000)
  region size 1024K, 4 young (4096K), 4 survivors (4096K)
 Metaspace       used 3924K, committed 4096K, reserved 1056768K
  class space    used 476K, committed 576K, reserved 1048576K
}
Event: 2.457 GC heap before
{Heap before GC invocations=2 (full 0):
 garbage-first heap   total 126976K, used 86155K [0x0000000080000000, 0x0000000100000000)
  region size 1024K, 74 young (75776K), 4 survivors (4096K)
 Metaspace       used 16770K, committed 17088K, reserved 1064960K
  class space    used 2471K, committed 2624K, reserved 1048576K
}
Event: 2.467 GC heap after
{Heap after GC invocations=3 (full 0):
 garbage-first heap   total 126976K, used 20490K [0x0000000080000000, 0x0000000100000000)
  region size 1024K, 10 young (10240K), 10 survivors (10240K)
 Metaspace       used 16770K, committed 17088K, reserved 1064960K
  class space    used 2471K, committed 2624K, reserved 1048576K
}
Event: 2.992 GC heap before
{Heap before GC invocations=3 (full 0):
 garbage-first heap   total 126976K, used 50186K [0x0000000080000000, 0x0000000100000000)
  region size 1024K, 40 young (40960K), 10 survivors (10240K)
 Metaspace       used 21233K, committed 21504K, reserved 1073152K
  class space    used 3182K, committed 3328K, reserved 1048576K
}
Event: 3.000 GC heap after
{Heap after GC invocations=4 (full 0):
 garbage-first heap   total 126976K, used 22248K [0x0000000080000000, 0x0000000100000000)
  region size 1024K, 2 young (2048K), 2 survivors (2048K)
 Metaspace       used 21233K, committed 21504K, reserved 1073152K
  class space    used 3182K, committed 3328K, reserved 1048576K
}
Event: 3.733 GC heap before
{Heap before GC invocations=5 (full 0):
 garbage-first heap   total 78848K, used 66280K [0x0000000080000000, 0x0000000100000000)
  region size 1024K, 46 young (47104K), 2 survivors (2048K)
 Metaspace       used 29868K, committed 30272K, reserved 1081344K
  class space    used 4240K, committed 4416K, reserved 1048576K
}
Event: 3.739 GC heap after
{Heap after GC invocations=6 (full 0):
 garbage-first heap   total 78848K, used 27207K [0x0000000080000000, 0x0000000100000000)
  region size 1024K, 6 young (6144K), 6 survivors (6144K)
 Metaspace       used 29868K, committed 30272K, reserved 1081344K
  class space    used 4240K, committed 4416K, reserved 1048576K
}
Event: 3.743 GC heap before
{Heap before GC invocations=6 (full 0):
 garbage-first heap   total 78848K, used 28231K [0x0000000080000000, 0x0000000100000000)
  region size 1024K, 7 young (7168K), 6 survivors (6144K)
 Metaspace       used 29868K, committed 30272K, reserved 1081344K
  class space    used 4240K, committed 4416K, reserved 1048576K
}
Event: 3.749 GC heap after
{Heap after GC invocations=7 (full 0):
 garbage-first heap   total 78848K, used 27710K [0x0000000080000000, 0x0000000100000000)
  region size 1024K, 1 young (1024K), 1 survivors (1024K)
 Metaspace       used 29868K, committed 30272K, reserved 1081344K
  class space    used 4240K, committed 4416K, reserved 1048576K
}
Event: 4.006 GC heap before
{Heap before GC invocations=7 (full 0):
 garbage-first heap   total 78848K, used 58430K [0x0000000080000000, 0x0000000100000000)
  region size 1024K, 29 young (29696K), 1 survivors (1024K)
 Metaspace       used 32001K, committed 32448K, reserved 1081344K
  class space    used 4438K, committed 4672K, reserved 1048576K
}
Event: 4.010 GC heap after
{Heap after GC invocations=8 (full 0):
 garbage-first heap   total 78848K, used 30843K [0x0000000080000000, 0x0000000100000000)
  region size 1024K, 4 young (4096K), 4 survivors (4096K)
 Metaspace       used 32001K, committed 32448K, reserved 1081344K
  class space    used 4438K, committed 4672K, reserved 1048576K
}
Event: 4.361 GC heap before
{Heap before GC invocations=8 (full 0):
 garbage-first heap   total 78848K, used 57467K [0x0000000080000000, 0x0000000100000000)
  region size 1024K, 30 young (30720K), 4 survivors (4096K)
 Metaspace       used 34696K, committed 35136K, reserved 1081344K
  class space    used 4864K, committed 5056K, reserved 1048576K
}

